{"numTotalTestSuites":2,"numPassedTestSuites":2,"numFailedTestSuites":0,"numPendingTestSuites":0,"numTotalTests":4,"numPassedTests":4,"numFailedTests":0,"numPendingTests":0,"numTodoTests":0,"snapshot":{"added":0,"failure":false,"filesAdded":0,"filesRemoved":0,"filesRemovedList":[],"filesUnmatched":0,"filesUpdated":0,"matched":0,"total":0,"unchecked":0,"uncheckedKeysByFile":[],"unmatched":0,"updated":0,"didUpdate":false},"startTime":1771164803942,"success":true,"testResults":[{"assertionResults":[{"ancestorTitles":["Acceptance Criteria"],"fullName":"Acceptance Criteria LG-ACC-01: 同時SPENDで過剰消費が起きない","status":"passed","title":"LG-ACC-01: 同時SPENDで過剰消費が起きない","duration":4.550258000000042,"failureMessages":[],"meta":{}},{"ancestorTitles":["Acceptance Criteria"],"fullName":"Acceptance Criteria LG-ACC-02: idempotency_key再送で二重計上されない","status":"passed","title":"LG-ACC-02: idempotency_key再送で二重計上されない","duration":0.6460519999999974,"failureMessages":[],"meta":{}},{"ancestorTitles":["Acceptance Criteria"],"fullName":"Acceptance Criteria LG-ACC-03: 失効後、期限切れlotは残高に寄与しない","status":"passed","title":"LG-ACC-03: 失効後、期限切れlotは残高に寄与しない","duration":0.6489579999999933,"failureMessages":[],"meta":{}},{"ancestorTitles":["Acceptance Criteria"],"fullName":"Acceptance Criteria LG-ACC-04: EARN取消は未消費lotのみ可能","status":"passed","title":"LG-ACC-04: EARN取消は未消費lotのみ可能","duration":2.142517000000055,"failureMessages":[],"meta":{}}],"startTime":1771164804336,"endTime":1771164804344.1426,"status":"passed","message":"","name":"/home/devuser/work/CodeX/ae-framework_exp06/ae-framework-test-06-Point-Ledger-Service/tests/acceptance/ledger.acceptance.test.ts"}]}